2026-02-20 10:39:35,549 - __main__ - INFO - Initialized loader: data_folder=data, cache_dir=.cache
2026-02-20 10:39:35,549 - __main__ - INFO - Loading 1 PDF files
2026-02-20 10:39:35,549 - __main__ - INFO - [1/1] Loading: sample.pdf
2026-02-20 10:39:35,549 - pypdf._reader - WARNING - Ignoring wrong pointing object 7 0 (offset 0)
2026-02-20 10:39:35,549 - pypdf._reader - WARNING - Ignoring wrong pointing object 9 0 (offset 0)
2026-02-20 10:39:35,549 - pypdf._reader - WARNING - Ignoring wrong pointing object 11 0 (offset 0)
2026-02-20 10:39:35,549 - pypdf._reader - WARNING - Ignoring wrong pointing object 15 0 (offset 0)
2026-02-20 10:39:35,549 - pypdf._reader - WARNING - Ignoring wrong pointing object 18 0 (offset 0)
2026-02-20 10:39:35,549 - pypdf._reader - WARNING - Ignoring wrong pointing object 20 0 (offset 0)
2026-02-20 10:39:35,549 - pypdf._reader - WARNING - Ignoring wrong pointing object 30 0 (offset 0)
2026-02-20 10:39:35,557 - __main__ - INFO - Loading sample.pdf: 11/11 pages
2026-02-20 10:39:35,863 - __main__ - INFO - Data validation: 11 docs, 34659 total chars, Quality: 100.0%
2026-02-20 10:39:35,863 - __main__ - INFO - Metadata saved to .cache\metadata.json
2026-02-20 10:39:35,865 - pypdf._reader - WARNING - Ignoring wrong pointing object 7 0 (offset 0)
2026-02-20 10:39:35,866 - pypdf._reader - WARNING - Ignoring wrong pointing object 9 0 (offset 0)
2026-02-20 10:39:35,866 - pypdf._reader - WARNING - Ignoring wrong pointing object 11 0 (offset 0)
2026-02-20 10:39:35,866 - pypdf._reader - WARNING - Ignoring wrong pointing object 15 0 (offset 0)
2026-02-20 10:39:35,866 - pypdf._reader - WARNING - Ignoring wrong pointing object 18 0 (offset 0)
2026-02-20 10:39:35,866 - pypdf._reader - WARNING - Ignoring wrong pointing object 20 0 (offset 0)
2026-02-20 10:39:35,866 - pypdf._reader - WARNING - Ignoring wrong pointing object 30 0 (offset 0)
2026-02-20 10:39:35,868 - __main__ - INFO - Loading sample.pdf: 11/11 pages
2026-02-20 10:42:58,511 - __main__ - INFO - Initialized loader: data_folder=data, cache_dir=.cache
2026-02-20 10:42:58,511 - __main__ - INFO - Loading 1 PDF files
2026-02-20 10:42:58,511 - __main__ - INFO - [1/1] Loading from cache: sample.pdf
2026-02-20 10:42:58,511 - __main__ - INFO - Data validation: 11 docs, 34659 total chars, Quality: 100.0%
2026-02-20 10:42:58,511 - __main__ - INFO - Metadata saved to .cache\metadata.json
2026-02-20 10:42:58,511 - pypdf._reader - WARNING - Ignoring wrong pointing object 7 0 (offset 0)
2026-02-20 10:42:58,511 - pypdf._reader - WARNING - Ignoring wrong pointing object 9 0 (offset 0)
2026-02-20 10:42:58,511 - pypdf._reader - WARNING - Ignoring wrong pointing object 11 0 (offset 0)
2026-02-20 10:42:58,511 - pypdf._reader - WARNING - Ignoring wrong pointing object 15 0 (offset 0)
2026-02-20 10:42:58,511 - pypdf._reader - WARNING - Ignoring wrong pointing object 18 0 (offset 0)
2026-02-20 10:42:58,511 - pypdf._reader - WARNING - Ignoring wrong pointing object 20 0 (offset 0)
2026-02-20 10:42:58,511 - pypdf._reader - WARNING - Ignoring wrong pointing object 30 0 (offset 0)
2026-02-20 10:42:58,518 - __main__ - INFO - Loading sample.pdf: 11/11 pages
